Determining if the pthread_create exist failed with the following output:
Change Dir: /home/basant/AUC_ROS/Day3/task5_ws/build/CMakeFiles/CMakeTmp

Run Build Command:"/usr/bin/make" "cmTC_52aa7/fast"
/usr/bin/make -f CMakeFiles/cmTC_52aa7.dir/build.make CMakeFiles/cmTC_52aa7.dir/build
make[1]: Entering directory '/home/basant/AUC_ROS/Day3/task5_ws/build/CMakeFiles/CMakeTmp'
Building C object CMakeFiles/cmTC_52aa7.dir/CheckSymbolExists.c.o
/usr/bin/cc    -o CMakeFiles/cmTC_52aa7.dir/CheckSymbolExists.c.o   -c /home/basant/AUC_ROS/Day3/task5_ws/build/CMakeFiles/CMakeTmp/CheckSymbolExists.c
Linking C executable cmTC_52aa7
/usr/bin/cmake -E cmake_link_script CMakeFiles/cmTC_52aa7.dir/link.txt --verbose=1
/usr/bin/cc      -rdynamic CMakeFiles/cmTC_52aa7.dir/CheckSymbolExists.c.o  -o cmTC_52aa7 
CMakeFiles/cmTC_52aa7.dir/CheckSymbolExists.c.o: In function `main':
CheckSymbolExists.c:(.text+0x1b): undefined reference to `pthread_create'
collect2: error: ld returned 1 exit status
CMakeFiles/cmTC_52aa7.dir/build.make:97: recipe for target 'cmTC_52aa7' failed
make[1]: *** [cmTC_52aa7] Error 1
make[1]: Leaving directory '/home/basant/AUC_ROS/Day3/task5_ws/build/CMakeFiles/CMakeTmp'
Makefile:126: recipe for target 'cmTC_52aa7/fast' failed
make: *** [cmTC_52aa7/fast] Error 2

File /home/basant/AUC_ROS/Day3/task5_ws/build/CMakeFiles/CMakeTmp/CheckSymbolExists.c:
/* */
#include <pthread.h>

int main(int argc, char** argv)
{
  (void)argv;
#ifndef pthread_create
  return ((int*)(&pthread_create))[argc];
#else
  (void)argc;
  return 0;
#endif
}

Determining if the function pthread_create exists in the pthreads failed with the following output:
Change Dir: /home/basant/AUC_ROS/Day3/task5_ws/build/CMakeFiles/CMakeTmp

Run Build Command:"/usr/bin/make" "cmTC_79c18/fast"
/usr/bin/make -f CMakeFiles/cmTC_79c18.dir/build.make CMakeFiles/cmTC_79c18.dir/build
make[1]: Entering directory '/home/basant/AUC_ROS/Day3/task5_ws/build/CMakeFiles/CMakeTmp'
Building C object CMakeFiles/cmTC_79c18.dir/CheckFunctionExists.c.o
/usr/bin/cc   -DCHECK_FUNCTION_EXISTS=pthread_create   -o CMakeFiles/cmTC_79c18.dir/CheckFunctionExists.c.o   -c /usr/share/cmake-3.10/Modules/CheckFunctionExists.c
Linking C executable cmTC_79c18
/usr/bin/cmake -E cmake_link_script CMakeFiles/cmTC_79c18.dir/link.txt --verbose=1
/usr/bin/cc  -DCHECK_FUNCTION_EXISTS=pthread_create    -rdynamic CMakeFiles/cmTC_79c18.dir/CheckFunctionExists.c.o  -o cmTC_79c18 -lpthreads 
/usr/bin/ld: cannot find -lpthreads
collect2: error: ld returned 1 exit status
CMakeFiles/cmTC_79c18.dir/build.make:97: recipe for target 'cmTC_79c18' failed
make[1]: *** [cmTC_79c18] Error 1
make[1]: Leaving directory '/home/basant/AUC_ROS/Day3/task5_ws/build/CMakeFiles/CMakeTmp'
Makefile:126: recipe for target 'cmTC_79c18/fast' failed
make: *** [cmTC_79c18/fast] Error 2


